[debug] [2023-05-19T07:25:12.639Z] ----------------------------------------------------------------------
[debug] [2023-05-19T07:25:12.640Z] Command:       /usr/local/bin/node /usr/local/bin/firebase deploy
[debug] [2023-05-19T07:25:12.640Z] CLI Version:   12.0.0
[debug] [2023-05-19T07:25:12.641Z] Platform:      darwin
[debug] [2023-05-19T07:25:12.641Z] Node Version:  v18.12.1
[debug] [2023-05-19T07:25:12.642Z] Time:          Fri May 19 2023 02:25:12 GMT-0500 (Central Daylight Time)
[debug] [2023-05-19T07:25:12.642Z] ----------------------------------------------------------------------
[debug] 
[debug] [2023-05-19T07:25:12.644Z] >>> [apiv2][query] GET https://firebase-public.firebaseio.com/cli.json [none]
[debug] [2023-05-19T07:25:12.734Z] > command requires scopes: ["email","openid","https://www.googleapis.com/auth/cloudplatformprojects.readonly","https://www.googleapis.com/auth/firebase","https://www.googleapis.com/auth/cloud-platform"]
[debug] [2023-05-19T07:25:12.735Z] > authorizing via signed-in user (byanndannma@gmail.com)
[debug] [2023-05-19T07:25:12.735Z] [iam] checking project somosmanantialapp for permissions ["firebase.projects.get","firebasehosting.sites.update"]
[debug] [2023-05-19T07:25:12.736Z] > refreshing access token with scopes: []
[debug] [2023-05-19T07:25:12.736Z] >>> [apiv2][query] POST https://www.googleapis.com/oauth2/v3/token [none]
[debug] [2023-05-19T07:25:12.736Z] >>> [apiv2][body] POST https://www.googleapis.com/oauth2/v3/token [omitted]
[debug] [2023-05-19T07:25:12.741Z] [iam] error while checking permissions, command may fail: FirebaseError: Authentication Error: Your credentials are no longer valid. Please run firebase login --reauth

For CI servers and headless environments, generate a new token with firebase login:ci
[debug] [2023-05-19T07:25:12.741Z] > refreshing access token with scopes: []
[debug] [2023-05-19T07:25:12.741Z] >>> [apiv2][query] POST https://www.googleapis.com/oauth2/v3/token [none]
[debug] [2023-05-19T07:25:12.741Z] >>> [apiv2][body] POST https://www.googleapis.com/oauth2/v3/token [omitted]
[debug] [2023-05-19T07:25:12.744Z] Authentication Error: Your credentials are no longer valid. Please run firebase login --reauth

For CI servers and headless environments, generate a new token with firebase login:ci
[debug] [2023-05-19T07:25:12.746Z] FirebaseError: Authentication Error: Your credentials are no longer valid. Please run firebase login --reauth

For CI servers and headless environments, generate a new token with firebase login:ci
    at invalidCredentialError (/usr/local/lib/node_modules/firebase-tools/lib/auth.js:144:12)
    at refreshTokens (/usr/local/lib/node_modules/firebase-tools/lib/auth.js:508:15)
    at process.processTicksAndRejections (node:internal/process/task_queues:95:5)
    at async Client.getAccessToken (/usr/local/lib/node_modules/firebase-tools/lib/apiv2.js:149:23)
    at async Client.addAuthHeader (/usr/local/lib/node_modules/firebase-tools/lib/apiv2.js:140:21)
    at async Client.request (/usr/local/lib/node_modules/firebase-tools/lib/apiv2.js:96:34)
    at async getFirebaseProject (/usr/local/lib/node_modules/firebase-tools/lib/management/projects.js:295:21)
    at async getDefaultHostingSite (/usr/local/lib/node_modules/firebase-tools/lib/getDefaultHostingSite.js:10:21)
    at async requireHostingSite (/usr/local/lib/node_modules/firebase-tools/lib/requireHostingSite.js:9:18)
    at async Object.fn (/usr/local/lib/node_modules/firebase-tools/lib/commands/deploy.js:74:9)
[error] 
[error] Error: Failed to get Firebase project somosmanantialapp. Please make sure the project exists and your account has permission to access it.
[debug] [2023-05-19T07:25:29.451Z] ----------------------------------------------------------------------
[debug] [2023-05-19T07:25:29.452Z] Command:       /usr/local/bin/node /usr/local/bin/firebase deploy
[debug] [2023-05-19T07:25:29.453Z] CLI Version:   12.0.0
[debug] [2023-05-19T07:25:29.453Z] Platform:      darwin
[debug] [2023-05-19T07:25:29.453Z] Node Version:  v18.12.1
[debug] [2023-05-19T07:25:29.454Z] Time:          Fri May 19 2023 02:25:29 GMT-0500 (Central Daylight Time)
[debug] [2023-05-19T07:25:29.454Z] ----------------------------------------------------------------------
[debug] 
[debug] [2023-05-19T07:25:29.456Z] >>> [apiv2][query] GET https://firebase-public.firebaseio.com/cli.json [none]
[debug] [2023-05-19T07:25:29.544Z] > command requires scopes: ["email","openid","https://www.googleapis.com/auth/cloudplatformprojects.readonly","https://www.googleapis.com/auth/firebase","https://www.googleapis.com/auth/cloud-platform"]
[debug] [2023-05-19T07:25:29.544Z] > authorizing via signed-in user (byanndannma@gmail.com)
[debug] [2023-05-19T07:25:29.544Z] [iam] checking project somosmanantialapp for permissions ["firebase.projects.get","firebasehosting.sites.update"]
[debug] [2023-05-19T07:25:29.545Z] > refreshing access token with scopes: []
[debug] [2023-05-19T07:25:29.546Z] >>> [apiv2][query] POST https://www.googleapis.com/oauth2/v3/token [none]
[debug] [2023-05-19T07:25:29.546Z] >>> [apiv2][body] POST https://www.googleapis.com/oauth2/v3/token [omitted]
[warn] ⚠  Unable to fetch the CLI MOTD and remote config. 
[debug] [2023-05-19T07:25:29.550Z] Failed to fetch MOTD FirebaseError: Failed to make request to https://firebase-public.firebaseio.com/cli.json
[debug] [2023-05-19T07:25:29.551Z] [iam] error while checking permissions, command may fail: FirebaseError: Authentication Error: Your credentials are no longer valid. Please run firebase login --reauth

For CI servers and headless environments, generate a new token with firebase login:ci
[debug] [2023-05-19T07:25:29.551Z] > refreshing access token with scopes: []
[debug] [2023-05-19T07:25:29.551Z] >>> [apiv2][query] POST https://www.googleapis.com/oauth2/v3/token [none]
[debug] [2023-05-19T07:25:29.551Z] >>> [apiv2][body] POST https://www.googleapis.com/oauth2/v3/token [omitted]
[debug] [2023-05-19T07:25:29.554Z] Authentication Error: Your credentials are no longer valid. Please run firebase login --reauth

For CI servers and headless environments, generate a new token with firebase login:ci
[debug] [2023-05-19T07:25:29.556Z] FirebaseError: Authentication Error: Your credentials are no longer valid. Please run firebase login --reauth

For CI servers and headless environments, generate a new token with firebase login:ci
    at invalidCredentialError (/usr/local/lib/node_modules/firebase-tools/lib/auth.js:144:12)
    at refreshTokens (/usr/local/lib/node_modules/firebase-tools/lib/auth.js:508:15)
    at process.processTicksAndRejections (node:internal/process/task_queues:95:5)
    at async Client.getAccessToken (/usr/local/lib/node_modules/firebase-tools/lib/apiv2.js:149:23)
    at async Client.addAuthHeader (/usr/local/lib/node_modules/firebase-tools/lib/apiv2.js:140:21)
    at async Client.request (/usr/local/lib/node_modules/firebase-tools/lib/apiv2.js:96:34)
    at async getFirebaseProject (/usr/local/lib/node_modules/firebase-tools/lib/management/projects.js:295:21)
    at async getDefaultHostingSite (/usr/local/lib/node_modules/firebase-tools/lib/getDefaultHostingSite.js:10:21)
    at async requireHostingSite (/usr/local/lib/node_modules/firebase-tools/lib/requireHostingSite.js:9:18)
    at async Object.fn (/usr/local/lib/node_modules/firebase-tools/lib/commands/deploy.js:74:9)
[error] 
[error] Error: Failed to get Firebase project somosmanantialapp. Please make sure the project exists and your account has permission to access it.
[debug] [2023-05-19T07:26:55.609Z] ----------------------------------------------------------------------
[debug] [2023-05-19T07:26:55.610Z] Command:       /usr/local/bin/node /usr/local/bin/firebase deploy
[debug] [2023-05-19T07:26:55.610Z] CLI Version:   12.0.0
[debug] [2023-05-19T07:26:55.611Z] Platform:      darwin
[debug] [2023-05-19T07:26:55.611Z] Node Version:  v18.12.1
[debug] [2023-05-19T07:26:55.612Z] Time:          Fri May 19 2023 02:26:55 GMT-0500 (Central Daylight Time)
[debug] [2023-05-19T07:26:55.612Z] ----------------------------------------------------------------------
[debug] 
[debug] [2023-05-19T07:26:55.614Z] >>> [apiv2][query] GET https://firebase-public.firebaseio.com/cli.json [none]
[debug] [2023-05-19T07:26:55.700Z] > command requires scopes: ["email","openid","https://www.googleapis.com/auth/cloudplatformprojects.readonly","https://www.googleapis.com/auth/firebase","https://www.googleapis.com/auth/cloud-platform"]
[debug] [2023-05-19T07:26:55.700Z] > authorizing via signed-in user (byanndannma@gmail.com)
[debug] [2023-05-19T07:26:55.700Z] [iam] checking project somosmanantialapp for permissions ["firebase.projects.get","firebasehosting.sites.update"]
[debug] [2023-05-19T07:26:55.701Z] > refreshing access token with scopes: []
[debug] [2023-05-19T07:26:55.702Z] >>> [apiv2][query] POST https://www.googleapis.com/oauth2/v3/token [none]
[debug] [2023-05-19T07:26:55.702Z] >>> [apiv2][body] POST https://www.googleapis.com/oauth2/v3/token [omitted]
[debug] [2023-05-19T07:26:55.706Z] [iam] error while checking permissions, command may fail: FirebaseError: Authentication Error: Your credentials are no longer valid. Please run firebase login --reauth

For CI servers and headless environments, generate a new token with firebase login:ci
[debug] [2023-05-19T07:26:55.706Z] > refreshing access token with scopes: []
[debug] [2023-05-19T07:26:55.706Z] >>> [apiv2][query] POST https://www.googleapis.com/oauth2/v3/token [none]
[debug] [2023-05-19T07:26:55.707Z] >>> [apiv2][body] POST https://www.googleapis.com/oauth2/v3/token [omitted]
[debug] [2023-05-19T07:26:55.710Z] Authentication Error: Your credentials are no longer valid. Please run firebase login --reauth

For CI servers and headless environments, generate a new token with firebase login:ci
[debug] [2023-05-19T07:26:55.711Z] FirebaseError: Authentication Error: Your credentials are no longer valid. Please run firebase login --reauth

For CI servers and headless environments, generate a new token with firebase login:ci
    at invalidCredentialError (/usr/local/lib/node_modules/firebase-tools/lib/auth.js:144:12)
    at refreshTokens (/usr/local/lib/node_modules/firebase-tools/lib/auth.js:508:15)
    at process.processTicksAndRejections (node:internal/process/task_queues:95:5)
    at async Client.getAccessToken (/usr/local/lib/node_modules/firebase-tools/lib/apiv2.js:149:23)
    at async Client.addAuthHeader (/usr/local/lib/node_modules/firebase-tools/lib/apiv2.js:140:21)
    at async Client.request (/usr/local/lib/node_modules/firebase-tools/lib/apiv2.js:96:34)
    at async getFirebaseProject (/usr/local/lib/node_modules/firebase-tools/lib/management/projects.js:295:21)
    at async getDefaultHostingSite (/usr/local/lib/node_modules/firebase-tools/lib/getDefaultHostingSite.js:10:21)
    at async requireHostingSite (/usr/local/lib/node_modules/firebase-tools/lib/requireHostingSite.js:9:18)
    at async Object.fn (/usr/local/lib/node_modules/firebase-tools/lib/commands/deploy.js:74:9)
[error] 
[error] Error: Failed to get Firebase project somosmanantialapp. Please make sure the project exists and your account has permission to access it.
